0 info it worked if it ends with ok
1 verbose cli [ '/usr/bin/node', '/usr/bin/npm', 'install' ]
2 info using npm@2.15.1
3 info using node@v0.10.48
4 verbose node symlink /usr/bin/node
5 verbose readDependencies loading dependencies from /home/eduardo/workspace/los-bichanos/package.json
6 verbose install where, deps [ '/home/eduardo/workspace/los-bichanos',
6 verbose install   [ 'cross-spawn-async',
6 verbose install     'gulp',
6 verbose install     'gulp-concat',
6 verbose install     'gulp-exec',
6 verbose install     'gulp-less',
6 verbose install     'gulp-minify-css',
6 verbose install     'gulp-sass',
6 verbose install     'gulp-stylus',
6 verbose install     'gulp-uglify',
6 verbose install     'gulp-util',
6 verbose install     'gulp-autoprefixer',
6 verbose install     'js-yaml',
6 verbose install     'browser-sync',
6 verbose install     'gulp-imagemin' ] ]
7 verbose install where, peers [ '/home/eduardo/workspace/los-bichanos', [] ]
8 verbose installManyTop reading for lifecycle /home/eduardo/workspace/los-bichanos/package.json
9 info preinstall opencode-workflow@0.0.2
10 verbose unsafe-perm in lifecycle true
11 info opencode-workflow@0.0.2 Failed to exec preinstall script
12 verbose stack Error: opencode-workflow@0.0.2 preinstall: `npm install -g gulp`
12 verbose stack Exit status 3
12 verbose stack     at EventEmitter.<anonymous> (/usr/lib/node_modules/npm/lib/utils/lifecycle.js:217:16)
12 verbose stack     at EventEmitter.emit (events.js:98:17)
12 verbose stack     at ChildProcess.<anonymous> (/usr/lib/node_modules/npm/lib/utils/spawn.js:24:14)
12 verbose stack     at ChildProcess.emit (events.js:98:17)
12 verbose stack     at maybeClose (child_process.js:766:16)
12 verbose stack     at Process.ChildProcess._handle.onexit (child_process.js:833:5)
13 verbose pkgid opencode-workflow@0.0.2
14 verbose cwd /home/eduardo/workspace/los-bichanos
15 error Linux 4.2.0-27-generic
16 error argv "/usr/bin/node" "/usr/bin/npm" "install"
17 error node v0.10.48
18 error npm  v2.15.1
19 error code ELIFECYCLE
20 error opencode-workflow@0.0.2 preinstall: `npm install -g gulp`
20 error Exit status 3
21 error Failed at the opencode-workflow@0.0.2 preinstall script 'npm install -g gulp'.
21 error This is most likely a problem with the opencode-workflow package,
21 error not with npm itself.
21 error Tell the author that this fails on your system:
21 error     npm install -g gulp
21 error You can get information on how to open an issue for this project with:
21 error     npm bugs opencode-workflow
21 error Or if that isn't available, you can get their info via:
21 error
21 error     npm owner ls opencode-workflow
21 error There is likely additional logging output above.
22 verbose exit [ 1, true ]
